[db.slow] ProductReviewRequest.findMany 1527ms
[db.slow] raw.queryRaw 620ms
[db.slow] Store.findUnique 840ms
[db.slow] Store.findMany 1023ms
[GET /stores] PrismaClientKnownRequestError: 
Invalid `prisma.store.findMany()` invocation:


The column `railway.Store.posPinHash` does not exist in the current database.
    at vn.handleRequestError (C:\Users\Luigi\Desktop\volta-core\volta-backend\node_modules\@prisma\client\runtime\library.js:123:6730)
    at vn.handleAndLogRequestError (C:\Users\Luigi\Desktop\volta-core\volta-backend\node_modules\@prisma\client\runtime\library.js:123:6119)
    at vn.request (C:\Users\Luigi\Desktop\volta-core\volta-backend\node_modules\@prisma\client\runtime\library.js:123:5839)
    at async l (C:\Users\Luigi\Desktop\volta-core\volta-backend\node_modules\@prisma\client\runtime\library.js:128:9763)
    at async file:///C:/Users/Luigi/Desktop/volta-core/volta-backend/services/prisma.js:75:20
    at async file:///C:/Users/Luigi/Desktop/volta-core/volta-backend/routes/stores.js:1326:22 {
  code: 'P2022',
  clientVersion: '5.2.0',
  meta: { column: 'railway.Store.posPinHash' }
}
[http.slow] GET /api/stores?partnerId=1 500 1032ms queries=1 db=1023ms slow=Store.findMany:1023ms
[db.slow] Partner.findMany 1451ms
[http.slow] GET /partners 500 1456ms queries=1 db=1451ms slow=Partner.findMany:1451ms
PrismaClientKnownRequestError: 
Invalid `prisma.partner.findMany()` invocation:


The column `railway.Store.posPinHash` does not exist in the current database.
    at vn.handleRequestError (C:\Users\Luigi\Desktop\volta-core\volta-backend\node_modules\@prisma\client\runtime\library.js:123:6730)
    at vn.handleAndLogRequestError (C:\Users\Luigi\Desktop\volta-core\volta-backend\node_modules\@prisma\client\runtime\library.js:123:6119)
    at vn.request (C:\Users\Luigi\Desktop\volta-core\volta-backend\node_modules\@prisma\client\runtime\library.js:123:5839)
    at async l (C:\Users\Luigi\Desktop\volta-core\volta-backend\node_modules\@prisma\client\runtime\library.js:128:9763)
    at async file:///C:/Users/Luigi/Desktop/volta-core/volta-backend/services/prisma.js:75:20
    at async file:///C:/Users/Luigi/Desktop/volta-core/volta-backend/routes/partners.js:809:16
[db.slow] Ingredient.findMany 859ms
[http.slow] GET /stores/1/ingredients 304 2332ms queries=3 db=2319ms slow=raw.queryRaw:620ms,Store.findUnique:840ms,Ingredient.findMany:859ms
[db.slow] Partner.findMany 428ms
[http.slow] GET /partners 500 432ms queries=1 db=428ms slow=Partner.findMany:428ms
PrismaClientKnownRequestError: 
Invalid `prisma.partner.findMany()` invocation:


The column `railway.Store.posPinHash` does not exist in the current database.
    at vn.handleRequestError (C:\Users\Luigi\Desktop\volta-core\volta-backend\node_modules\@prisma\client\runtime\library.js:123:6730)
    at vn.handleAndLogRequestError (C:\Users\Luigi\Desktop\volta-core\volta-backend\node_modules\@prisma\client\runtime\library.js:123:6119)
    at vn.request (C:\Users\Luigi\Desktop\volta-core\volta-backend\node_modules\@prisma\client\runtime\library.js:123:5839)
    at async l (C:\Users\Luigi\Desktop\volta-core\volta-backend\node_modules\@prisma\client\runtime\library.js:128:9763)
    at async file:///C:/Users/Luigi/Desktop/volta-core/volta-backend/services/prisma.js:75:20
    at async file:///C:/Users/Luigi/Desktop/volta-core/volta-backend/routes/partners.js:809:16
[db.slow] raw.queryRaw 405ms
[db.slow] Store.findMany 410ms
[db.slow] Store.findUnique 807ms
[db.slow] Sale.findMany 1011ms
[db.slow] Ingredient.findMany 838ms
[http.slow] GET /stores/1/ingredients 304 2081ms queries=3 db=2050ms slow=raw.queryRaw:405ms,Store.findUnique:807ms,Ingredient.findMany:838ms
[db.slow] Store.findUnique 399ms
[db.slow] MenuPizza.findMany 2316ms
[http.slow] GET /api/pizzas/overview?partnerId=1 304 2338ms queries=3 db=3737ms slow=Store.findMany:410ms,Sale.findMany:1011ms,MenuPizza.findMany:2316ms
[db.slow] Ingredient.findMany 407ms
[http.slow] GET /stores/1/ingredients 304 1017ms queries=3 db=1007ms slow=Store.findUnique:399ms,Ingredient.findMany:407ms
